<?xml version="1.0" encoding="UTF-8"?>
<!-- Generated by org.testng.reporters.JUnitXMLReporter -->
<testsuite hostname="IVNT-C02Y94ACJG5J" ignored="0" tests="23" failures="0" timestamp="2023-07-16T17:59:36 IST" time="18.818" errors="0">
  <testcase name="searchByTermAndMediaType" time="1.996" classname="AppleSearchAPIAutomation"/>
  <testcase name="searchByTermAndMediaType" time="0.339" classname="AppleSearchAPIAutomation"/>
  <testcase name="searchByTermAndMediaType" time="0.587" classname="AppleSearchAPIAutomation"/>
  <testcase name="searchByTermAndMediaType" time="0.467" classname="AppleSearchAPIAutomation"/>
  <testcase name="searchByTermAndMediaType" time="0.759" classname="AppleSearchAPIAutomation"/>
  <testcase name="searchByTermAndMediaType" time="1.0" classname="AppleSearchAPIAutomation"/>
  <testcase name="searchByTermAndMediaType" time="0.744" classname="AppleSearchAPIAutomation"/>
  <testcase name="searchByTermAndMediaType" time="0.771" classname="AppleSearchAPIAutomation"/>
  <testcase name="testPricePointsAndCountryForAPI" time="0.498" classname="AppleSearchAPIAutomation"/>
  <testcase name="testPricePointsAndCountryForAPI" time="0.32" classname="AppleSearchAPIAutomation"/>
  <testcase name="testPricePointsAndCountryForAPI" time="0.99" classname="AppleSearchAPIAutomation"/>
  <testcase name="testPricePointsAndCountryForAPI" time="0.326" classname="AppleSearchAPIAutomation"/>
  <testcase name="testPricePointsAndCountryForAPI" time="0.349" classname="AppleSearchAPIAutomation"/>
  <testcase name="testResponseForInvalidText" time="1.677" classname="AppleSearchAPIAutomation"/>
  <testcase name="testStatusCodesForApI" time="1.888" classname="AppleSearchAPIAutomation"/>
  <testcase name="validateLimit" time="0.844" classname="AppleSearchAPIAutomation"/>
  <testcase name="validateLimit" time="1.158" classname="AppleSearchAPIAutomation"/>
  <testcase name="validateLimit" time="0.462" classname="AppleSearchAPIAutomation"/>
  <testcase name="validateLimit" time="0.343" classname="AppleSearchAPIAutomation"/>
  <testcase name="validateLimit" time="0.601" classname="AppleSearchAPIAutomation"/>
  <testcase name="validateLimit" time="0.775" classname="AppleSearchAPIAutomation"/>
  <testcase name="validateLimit" time="0.709" classname="AppleSearchAPIAutomation"/>
  <testcase name="validateLimit" time="0.786" classname="AppleSearchAPIAutomation"/>
</testsuite>
