<?xml version="1.0" encoding="UTF-8"?>
<!-- Generated by org.testng.reporters.JUnitXMLReporter -->
<testsuite hostname="IVNT-C02Y94ACJG5J" ignored="0" tests="23" failures="0" timestamp="2023-07-16T04:54:52 IST" time="11.526" errors="0">
  <testcase name="searchByTermAndMediaType" time="1.997" classname="AppleSearchAPIAutomation"/>
  <testcase name="searchByTermAndMediaType" time="0.248" classname="AppleSearchAPIAutomation"/>
  <testcase name="searchByTermAndMediaType" time="0.576" classname="AppleSearchAPIAutomation"/>
  <testcase name="searchByTermAndMediaType" time="0.33" classname="AppleSearchAPIAutomation"/>
  <testcase name="searchByTermAndMediaType" time="0.502" classname="AppleSearchAPIAutomation"/>
  <testcase name="searchByTermAndMediaType" time="0.488" classname="AppleSearchAPIAutomation"/>
  <testcase name="searchByTermAndMediaType" time="0.676" classname="AppleSearchAPIAutomation"/>
  <testcase name="searchByTermAndMediaType" time="0.517" classname="AppleSearchAPIAutomation"/>
  <testcase name="testPricePointsAndCountryForAPI" time="0.201" classname="AppleSearchAPIAutomation"/>
  <testcase name="testPricePointsAndCountryForAPI" time="0.139" classname="AppleSearchAPIAutomation"/>
  <testcase name="testPricePointsAndCountryForAPI" time="0.156" classname="AppleSearchAPIAutomation"/>
  <testcase name="testPricePointsAndCountryForAPI" time="0.139" classname="AppleSearchAPIAutomation"/>
  <testcase name="testPricePointsAndCountryForAPI" time="0.148" classname="AppleSearchAPIAutomation"/>
  <testcase name="testResponseForInvalidText" time="0.191" classname="AppleSearchAPIAutomation"/>
  <testcase name="testStatusCodesForApI" time="1.232" classname="AppleSearchAPIAutomation"/>
  <testcase name="validateLimit" time="0.299" classname="AppleSearchAPIAutomation"/>
  <testcase name="validateLimit" time="0.292" classname="AppleSearchAPIAutomation"/>
  <testcase name="validateLimit" time="0.29" classname="AppleSearchAPIAutomation"/>
  <testcase name="validateLimit" time="0.315" classname="AppleSearchAPIAutomation"/>
  <testcase name="validateLimit" time="0.307" classname="AppleSearchAPIAutomation"/>
  <testcase name="validateLimit" time="0.303" classname="AppleSearchAPIAutomation"/>
  <testcase name="validateLimit" time="1.429" classname="AppleSearchAPIAutomation"/>
  <testcase name="validateLimit" time="0.286" classname="AppleSearchAPIAutomation"/>
</testsuite>
