<?xml version="1.0" encoding="UTF-8" ?>
<testsuite tests="23" failures="0" name="AppleSearchAPIAutomation" time="9.606" errors="0" skipped="0">
  <properties>
[...]
</properties>
  <testcase classname="AppleSearchAPIAutomation" name="searchByTermAndMediaType" time="1.938"/>
  <testcase classname="AppleSearchAPIAutomation" name="searchByTermAndMediaType" time="0.246"/>
  <testcase classname="AppleSearchAPIAutomation" name="searchByTermAndMediaType" time="0.538"/>
  <testcase classname="AppleSearchAPIAutomation" name="searchByTermAndMediaType" time="0.279"/>
  <testcase classname="AppleSearchAPIAutomation" name="searchByTermAndMediaType" time="0.515"/>
  <testcase classname="AppleSearchAPIAutomation" name="searchByTermAndMediaType" time="0.474"/>
  <testcase classname="AppleSearchAPIAutomation" name="searchByTermAndMediaType" time="0.571"/>
  <testcase classname="AppleSearchAPIAutomation" name="searchByTermAndMediaType" time="0.458"/>
  <testcase classname="AppleSearchAPIAutomation" name="testPricePointsAndCountryForAPI" time="0.219"/>
  <testcase classname="AppleSearchAPIAutomation" name="testPricePointsAndCountryForAPI" time="0.153"/>
  <testcase classname="AppleSearchAPIAutomation" name="testPricePointsAndCountryForAPI" time="0.148"/>
  <testcase classname="AppleSearchAPIAutomation" name="testPricePointsAndCountryForAPI" time="0.151"/>
  <testcase classname="AppleSearchAPIAutomation" name="testPricePointsAndCountryForAPI" time="0.137"/>
  <testcase classname="AppleSearchAPIAutomation" name="testResponseForInvalidText" time="0.137"/>
  <testcase classname="AppleSearchAPIAutomation" name="testStatusCodesForApI" time="1.146"/>
  <testcase classname="AppleSearchAPIAutomation" name="validateLimit" time="0.302"/>
  <testcase classname="AppleSearchAPIAutomation" name="validateLimit" time="0.299"/>
  <testcase classname="AppleSearchAPIAutomation" name="validateLimit" time="0.299"/>
  <testcase classname="AppleSearchAPIAutomation" name="validateLimit" time="0.424"/>
  <testcase classname="AppleSearchAPIAutomation" name="validateLimit" time="0.297"/>
  <testcase classname="AppleSearchAPIAutomation" name="validateLimit" time="0.295"/>
  <testcase classname="AppleSearchAPIAutomation" name="validateLimit" time="0.28"/>
  <testcase classname="AppleSearchAPIAutomation" name="validateLimit" time="0.3"/>
</testsuite>