<?xml version="1.0" encoding="UTF-8"?>
<testng-results skipped="0" failed="0" ignored="0" total="23" passed="23">
  <reporter-output>
  </reporter-output>
  <suite name="Default suite" duration-ms="13195" started-at="2023-07-16T07:59:26 IST" finished-at="2023-07-16T07:59:39 IST">
    <groups>
    </groups>
    <test name="Default test" duration-ms="13195" started-at="2023-07-16T07:59:26 IST" finished-at="2023-07-16T07:59:39 IST">
      <class name="AppleSearchAPIAutomation">
        <test-method status="PASS" signature="setup()[pri:0, instance:AppleSearchAPIAutomation@528931cf]" name="setup" is-config="true" duration-ms="516" started-at="2023-07-16T07:59:26 IST" finished-at="2023-07-16T07:59:26 IST">
          <reporter-output>
          </reporter-output>
        </test-method> <!-- setup -->
        <test-method status="PASS" signature="searchByTermAndMediaType(java.lang.String,java.lang.String)[pri:0, instance:AppleSearchAPIAutomation@528931cf]" name="searchByTermAndMediaType" duration-ms="2189" started-at="2023-07-16T07:59:26 IST" description="Verify valid entity type is retured for the given media type &amp;&amp; Validate key fields for the search results" data-provider="searchTermsAndMediaTypes" finished-at="2023-07-16T07:59:29 IST">
          <params>
            <param index="0">
              <value>
                <![CDATA[Shreya Goshal]]>
              </value>
            </param>
            <param index="1">
              <value>
                <![CDATA[music]]>
              </value>
            </param>
          </params>
          <reporter-output>
          </reporter-output>
        </test-method> <!-- searchByTermAndMediaType -->
        <test-method status="PASS" signature="searchByTermAndMediaType(java.lang.String,java.lang.String)[pri:0, instance:AppleSearchAPIAutomation@528931cf]" name="searchByTermAndMediaType" duration-ms="215" started-at="2023-07-16T07:59:29 IST" description="Verify valid entity type is retured for the given media type &amp;&amp; Validate key fields for the search results" data-provider="searchTermsAndMediaTypes" finished-at="2023-07-16T07:59:29 IST">
          <params>
            <param index="0">
              <value>
                <![CDATA[Baahubali]]>
              </value>
            </param>
            <param index="1">
              <value>
                <![CDATA[movie]]>
              </value>
            </param>
          </params>
          <reporter-output>
          </reporter-output>
        </test-method> <!-- searchByTermAndMediaType -->
        <test-method status="PASS" signature="searchByTermAndMediaType(java.lang.String,java.lang.String)[pri:0, instance:AppleSearchAPIAutomation@528931cf]" name="searchByTermAndMediaType" duration-ms="547" started-at="2023-07-16T07:59:29 IST" description="Verify valid entity type is retured for the given media type &amp;&amp; Validate key fields for the search results" data-provider="searchTermsAndMediaTypes" finished-at="2023-07-16T07:59:29 IST">
          <params>
            <param index="0">
              <value>
                <![CDATA[Podcast]]>
              </value>
            </param>
            <param index="1">
              <value>
                <![CDATA[podcast]]>
              </value>
            </param>
          </params>
          <reporter-output>
          </reporter-output>
        </test-method> <!-- searchByTermAndMediaType -->
        <test-method status="PASS" signature="searchByTermAndMediaType(java.lang.String,java.lang.String)[pri:0, instance:AppleSearchAPIAutomation@528931cf]" name="searchByTermAndMediaType" duration-ms="320" started-at="2023-07-16T07:59:29 IST" description="Verify valid entity type is retured for the given media type &amp;&amp; Validate key fields for the search results" data-provider="searchTermsAndMediaTypes" finished-at="2023-07-16T07:59:30 IST">
          <params>
            <param index="0">
              <value>
                <![CDATA[Taylor Swift]]>
              </value>
            </param>
            <param index="1">
              <value>
                <![CDATA[musicVideo]]>
              </value>
            </param>
          </params>
          <reporter-output>
          </reporter-output>
        </test-method> <!-- searchByTermAndMediaType -->
        <test-method status="PASS" signature="searchByTermAndMediaType(java.lang.String,java.lang.String)[pri:0, instance:AppleSearchAPIAutomation@528931cf]" name="searchByTermAndMediaType" duration-ms="528" started-at="2023-07-16T07:59:30 IST" description="Verify valid entity type is retured for the given media type &amp;&amp; Validate key fields for the search results" data-provider="searchTermsAndMediaTypes" finished-at="2023-07-16T07:59:30 IST">
          <params>
            <param index="0">
              <value>
                <![CDATA[Knowledge]]>
              </value>
            </param>
            <param index="1">
              <value>
                <![CDATA[audiobook]]>
              </value>
            </param>
          </params>
          <reporter-output>
          </reporter-output>
        </test-method> <!-- searchByTermAndMediaType -->
        <test-method status="PASS" signature="searchByTermAndMediaType(java.lang.String,java.lang.String)[pri:0, instance:AppleSearchAPIAutomation@528931cf]" name="searchByTermAndMediaType" duration-ms="504" started-at="2023-07-16T07:59:30 IST" description="Verify valid entity type is retured for the given media type &amp;&amp; Validate key fields for the search results" data-provider="searchTermsAndMediaTypes" finished-at="2023-07-16T07:59:31 IST">
          <params>
            <param index="0">
              <value>
                <![CDATA[Friends]]>
              </value>
            </param>
            <param index="1">
              <value>
                <![CDATA[tvShow]]>
              </value>
            </param>
          </params>
          <reporter-output>
          </reporter-output>
        </test-method> <!-- searchByTermAndMediaType -->
        <test-method status="PASS" signature="searchByTermAndMediaType(java.lang.String,java.lang.String)[pri:0, instance:AppleSearchAPIAutomation@528931cf]" name="searchByTermAndMediaType" duration-ms="692" started-at="2023-07-16T07:59:31 IST" description="Verify valid entity type is retured for the given media type &amp;&amp; Validate key fields for the search results" data-provider="searchTermsAndMediaTypes" finished-at="2023-07-16T07:59:31 IST">
          <params>
            <param index="0">
              <value>
                <![CDATA[Java]]>
              </value>
            </param>
            <param index="1">
              <value>
                <![CDATA[software]]>
              </value>
            </param>
          </params>
          <reporter-output>
          </reporter-output>
        </test-method> <!-- searchByTermAndMediaType -->
        <test-method status="PASS" signature="searchByTermAndMediaType(java.lang.String,java.lang.String)[pri:0, instance:AppleSearchAPIAutomation@528931cf]" name="searchByTermAndMediaType" duration-ms="496" started-at="2023-07-16T07:59:31 IST" description="Verify valid entity type is retured for the given media type &amp;&amp; Validate key fields for the search results" data-provider="searchTermsAndMediaTypes" finished-at="2023-07-16T07:59:32 IST">
          <params>
            <param index="0">
              <value>
                <![CDATA[Business]]>
              </value>
            </param>
            <param index="1">
              <value>
                <![CDATA[ebook]]>
              </value>
            </param>
          </params>
          <reporter-output>
          </reporter-output>
        </test-method> <!-- searchByTermAndMediaType -->
        <test-method status="PASS" signature="testPricePointsAndCountryForAPI(java.lang.String,java.lang.String,java.lang.String)[pri:0, instance:AppleSearchAPIAutomation@528931cf]" name="testPricePointsAndCountryForAPI" duration-ms="209" started-at="2023-07-16T07:59:32 IST" description="Verify valid currency is displayed for the respective country field" data-provider="countryAndPricePoints" finished-at="2023-07-16T07:59:32 IST">
          <params>
            <param index="0">
              <value>
                <![CDATA[IN]]>
              </value>
            </param>
            <param index="1">
              <value>
                <![CDATA[INR]]>
              </value>
            </param>
            <param index="2">
              <value>
                <![CDATA[IND]]>
              </value>
            </param>
          </params>
          <reporter-output>
          </reporter-output>
        </test-method> <!-- testPricePointsAndCountryForAPI -->
        <test-method status="PASS" signature="testPricePointsAndCountryForAPI(java.lang.String,java.lang.String,java.lang.String)[pri:0, instance:AppleSearchAPIAutomation@528931cf]" name="testPricePointsAndCountryForAPI" duration-ms="155" started-at="2023-07-16T07:59:32 IST" description="Verify valid currency is displayed for the respective country field" data-provider="countryAndPricePoints" finished-at="2023-07-16T07:59:32 IST">
          <params>
            <param index="0">
              <value>
                <![CDATA[US]]>
              </value>
            </param>
            <param index="1">
              <value>
                <![CDATA[USD]]>
              </value>
            </param>
            <param index="2">
              <value>
                <![CDATA[USA]]>
              </value>
            </param>
          </params>
          <reporter-output>
          </reporter-output>
        </test-method> <!-- testPricePointsAndCountryForAPI -->
        <test-method status="PASS" signature="testPricePointsAndCountryForAPI(java.lang.String,java.lang.String,java.lang.String)[pri:0, instance:AppleSearchAPIAutomation@528931cf]" name="testPricePointsAndCountryForAPI" duration-ms="151" started-at="2023-07-16T07:59:32 IST" description="Verify valid currency is displayed for the respective country field" data-provider="countryAndPricePoints" finished-at="2023-07-16T07:59:32 IST">
          <params>
            <param index="0">
              <value>
                <![CDATA[CA]]>
              </value>
            </param>
            <param index="1">
              <value>
                <![CDATA[CAD]]>
              </value>
            </param>
            <param index="2">
              <value>
                <![CDATA[CAN]]>
              </value>
            </param>
          </params>
          <reporter-output>
          </reporter-output>
        </test-method> <!-- testPricePointsAndCountryForAPI -->
        <test-method status="PASS" signature="testPricePointsAndCountryForAPI(java.lang.String,java.lang.String,java.lang.String)[pri:0, instance:AppleSearchAPIAutomation@528931cf]" name="testPricePointsAndCountryForAPI" duration-ms="145" started-at="2023-07-16T07:59:32 IST" description="Verify valid currency is displayed for the respective country field" data-provider="countryAndPricePoints" finished-at="2023-07-16T07:59:33 IST">
          <params>
            <param index="0">
              <value>
                <![CDATA[GB]]>
              </value>
            </param>
            <param index="1">
              <value>
                <![CDATA[GBP]]>
              </value>
            </param>
            <param index="2">
              <value>
                <![CDATA[GBR]]>
              </value>
            </param>
          </params>
          <reporter-output>
          </reporter-output>
        </test-method> <!-- testPricePointsAndCountryForAPI -->
        <test-method status="PASS" signature="testPricePointsAndCountryForAPI(java.lang.String,java.lang.String,java.lang.String)[pri:0, instance:AppleSearchAPIAutomation@528931cf]" name="testPricePointsAndCountryForAPI" duration-ms="135" started-at="2023-07-16T07:59:33 IST" description="Verify valid currency is displayed for the respective country field" data-provider="countryAndPricePoints" finished-at="2023-07-16T07:59:33 IST">
          <params>
            <param index="0">
              <value>
                <![CDATA[JP]]>
              </value>
            </param>
            <param index="1">
              <value>
                <![CDATA[JPY]]>
              </value>
            </param>
            <param index="2">
              <value>
                <![CDATA[JPN]]>
              </value>
            </param>
          </params>
          <reporter-output>
          </reporter-output>
        </test-method> <!-- testPricePointsAndCountryForAPI -->
        <test-method status="PASS" signature="testResponseForInvalidText()[pri:0, instance:AppleSearchAPIAutomation@528931cf]" name="testResponseForInvalidText" duration-ms="149" started-at="2023-07-16T07:59:33 IST" description="Validate invalid text search gives zero results" finished-at="2023-07-16T07:59:33 IST">
          <reporter-output>
          </reporter-output>
        </test-method> <!-- testResponseForInvalidText -->
        <test-method status="PASS" signature="testStatusCodesForApI()[pri:0, instance:AppleSearchAPIAutomation@528931cf]" name="testStatusCodesForApI" duration-ms="3709" started-at="2023-07-16T07:59:33 IST" description="Verify various status codes" finished-at="2023-07-16T07:59:37 IST">
          <reporter-output>
          </reporter-output>
        </test-method> <!-- testStatusCodesForApI -->
        <test-method status="PASS" signature="validateLimit(java.lang.String,java.lang.String)[pri:0, instance:AppleSearchAPIAutomation@528931cf]" name="validateLimit" duration-ms="366" started-at="2023-07-16T07:59:37 IST" description="Verify limit field is returning valid results count" data-provider="searchTermsAndMediaTypes" finished-at="2023-07-16T07:59:37 IST">
          <params>
            <param index="0">
              <value>
                <![CDATA[Shreya Goshal]]>
              </value>
            </param>
            <param index="1">
              <value>
                <![CDATA[music]]>
              </value>
            </param>
          </params>
          <reporter-output>
          </reporter-output>
        </test-method> <!-- validateLimit -->
        <test-method status="PASS" signature="validateLimit(java.lang.String,java.lang.String)[pri:0, instance:AppleSearchAPIAutomation@528931cf]" name="validateLimit" duration-ms="283" started-at="2023-07-16T07:59:37 IST" description="Verify limit field is returning valid results count" data-provider="searchTermsAndMediaTypes" finished-at="2023-07-16T07:59:37 IST">
          <params>
            <param index="0">
              <value>
                <![CDATA[Baahubali]]>
              </value>
            </param>
            <param index="1">
              <value>
                <![CDATA[movie]]>
              </value>
            </param>
          </params>
          <reporter-output>
          </reporter-output>
        </test-method> <!-- validateLimit -->
        <test-method status="PASS" signature="validateLimit(java.lang.String,java.lang.String)[pri:0, instance:AppleSearchAPIAutomation@528931cf]" name="validateLimit" duration-ms="297" started-at="2023-07-16T07:59:37 IST" description="Verify limit field is returning valid results count" data-provider="searchTermsAndMediaTypes" finished-at="2023-07-16T07:59:38 IST">
          <params>
            <param index="0">
              <value>
                <![CDATA[Podcast]]>
              </value>
            </param>
            <param index="1">
              <value>
                <![CDATA[podcast]]>
              </value>
            </param>
          </params>
          <reporter-output>
          </reporter-output>
        </test-method> <!-- validateLimit -->
        <test-method status="PASS" signature="validateLimit(java.lang.String,java.lang.String)[pri:0, instance:AppleSearchAPIAutomation@528931cf]" name="validateLimit" duration-ms="275" started-at="2023-07-16T07:59:38 IST" description="Verify limit field is returning valid results count" data-provider="searchTermsAndMediaTypes" finished-at="2023-07-16T07:59:38 IST">
          <params>
            <param index="0">
              <value>
                <![CDATA[Taylor Swift]]>
              </value>
            </param>
            <param index="1">
              <value>
                <![CDATA[musicVideo]]>
              </value>
            </param>
          </params>
          <reporter-output>
          </reporter-output>
        </test-method> <!-- validateLimit -->
        <test-method status="PASS" signature="validateLimit(java.lang.String,java.lang.String)[pri:0, instance:AppleSearchAPIAutomation@528931cf]" name="validateLimit" duration-ms="298" started-at="2023-07-16T07:59:38 IST" description="Verify limit field is returning valid results count" data-provider="searchTermsAndMediaTypes" finished-at="2023-07-16T07:59:38 IST">
          <params>
            <param index="0">
              <value>
                <![CDATA[Knowledge]]>
              </value>
            </param>
            <param index="1">
              <value>
                <![CDATA[audiobook]]>
              </value>
            </param>
          </params>
          <reporter-output>
          </reporter-output>
        </test-method> <!-- validateLimit -->
        <test-method status="PASS" signature="validateLimit(java.lang.String,java.lang.String)[pri:0, instance:AppleSearchAPIAutomation@528931cf]" name="validateLimit" duration-ms="270" started-at="2023-07-16T07:59:38 IST" description="Verify limit field is returning valid results count" data-provider="searchTermsAndMediaTypes" finished-at="2023-07-16T07:59:38 IST">
          <params>
            <param index="0">
              <value>
                <![CDATA[Friends]]>
              </value>
            </param>
            <param index="1">
              <value>
                <![CDATA[tvShow]]>
              </value>
            </param>
          </params>
          <reporter-output>
          </reporter-output>
        </test-method> <!-- validateLimit -->
        <test-method status="PASS" signature="validateLimit(java.lang.String,java.lang.String)[pri:0, instance:AppleSearchAPIAutomation@528931cf]" name="validateLimit" duration-ms="386" started-at="2023-07-16T07:59:38 IST" description="Verify limit field is returning valid results count" data-provider="searchTermsAndMediaTypes" finished-at="2023-07-16T07:59:39 IST">
          <params>
            <param index="0">
              <value>
                <![CDATA[Java]]>
              </value>
            </param>
            <param index="1">
              <value>
                <![CDATA[software]]>
              </value>
            </param>
          </params>
          <reporter-output>
          </reporter-output>
        </test-method> <!-- validateLimit -->
        <test-method status="PASS" signature="validateLimit(java.lang.String,java.lang.String)[pri:0, instance:AppleSearchAPIAutomation@528931cf]" name="validateLimit" duration-ms="302" started-at="2023-07-16T07:59:39 IST" description="Verify limit field is returning valid results count" data-provider="searchTermsAndMediaTypes" finished-at="2023-07-16T07:59:39 IST">
          <params>
            <param index="0">
              <value>
                <![CDATA[Business]]>
              </value>
            </param>
            <param index="1">
              <value>
                <![CDATA[ebook]]>
              </value>
            </param>
          </params>
          <reporter-output>
          </reporter-output>
        </test-method> <!-- validateLimit -->
      </class> <!-- AppleSearchAPIAutomation -->
    </test> <!-- Default test -->
  </suite> <!-- Default suite -->
</testng-results>
