<?xml version="1.0" encoding="UTF-8"?>
<testng-results skipped="0" failed="0" ignored="0" total="23" passed="23">
  <reporter-output>
  </reporter-output>
  <suite name="Default suite" duration-ms="18818" started-at="2023-07-16T17:59:17 IST" finished-at="2023-07-16T17:59:36 IST">
    <groups>
    </groups>
    <test name="Default test" duration-ms="18818" started-at="2023-07-16T17:59:17 IST" finished-at="2023-07-16T17:59:36 IST">
      <class name="AppleSearchAPIAutomation">
        <test-method status="PASS" signature="setup()[pri:0, instance:AppleSearchAPIAutomation@528931cf]" name="setup" is-config="true" duration-ms="374" started-at="2023-07-16T17:59:17 IST" finished-at="2023-07-16T17:59:18 IST">
          <reporter-output>
          </reporter-output>
        </test-method> <!-- setup -->
        <test-method status="PASS" signature="searchByTermAndMediaType(java.lang.String,java.lang.String)[pri:0, instance:AppleSearchAPIAutomation@528931cf]" name="searchByTermAndMediaType" duration-ms="1996" started-at="2023-07-16T17:59:18 IST" description="Verify valid entity type is retured for the given media type &amp;&amp; Validate key fields for the search results" data-provider="searchTermsAndMediaTypes" finished-at="2023-07-16T17:59:20 IST">
          <params>
            <param index="0">
              <value>
                <![CDATA[Shreya Goshal]]>
              </value>
            </param>
            <param index="1">
              <value>
                <![CDATA[music]]>
              </value>
            </param>
          </params>
          <reporter-output>
          </reporter-output>
        </test-method> <!-- searchByTermAndMediaType -->
        <test-method status="PASS" signature="searchByTermAndMediaType(java.lang.String,java.lang.String)[pri:0, instance:AppleSearchAPIAutomation@528931cf]" name="searchByTermAndMediaType" duration-ms="339" started-at="2023-07-16T17:59:20 IST" description="Verify valid entity type is retured for the given media type &amp;&amp; Validate key fields for the search results" data-provider="searchTermsAndMediaTypes" finished-at="2023-07-16T17:59:20 IST">
          <params>
            <param index="0">
              <value>
                <![CDATA[Baahubali]]>
              </value>
            </param>
            <param index="1">
              <value>
                <![CDATA[movie]]>
              </value>
            </param>
          </params>
          <reporter-output>
          </reporter-output>
        </test-method> <!-- searchByTermAndMediaType -->
        <test-method status="PASS" signature="searchByTermAndMediaType(java.lang.String,java.lang.String)[pri:0, instance:AppleSearchAPIAutomation@528931cf]" name="searchByTermAndMediaType" duration-ms="587" started-at="2023-07-16T17:59:20 IST" description="Verify valid entity type is retured for the given media type &amp;&amp; Validate key fields for the search results" data-provider="searchTermsAndMediaTypes" finished-at="2023-07-16T17:59:21 IST">
          <params>
            <param index="0">
              <value>
                <![CDATA[Podcast]]>
              </value>
            </param>
            <param index="1">
              <value>
                <![CDATA[podcast]]>
              </value>
            </param>
          </params>
          <reporter-output>
          </reporter-output>
        </test-method> <!-- searchByTermAndMediaType -->
        <test-method status="PASS" signature="searchByTermAndMediaType(java.lang.String,java.lang.String)[pri:0, instance:AppleSearchAPIAutomation@528931cf]" name="searchByTermAndMediaType" duration-ms="467" started-at="2023-07-16T17:59:21 IST" description="Verify valid entity type is retured for the given media type &amp;&amp; Validate key fields for the search results" data-provider="searchTermsAndMediaTypes" finished-at="2023-07-16T17:59:21 IST">
          <params>
            <param index="0">
              <value>
                <![CDATA[Taylor Swift]]>
              </value>
            </param>
            <param index="1">
              <value>
                <![CDATA[musicVideo]]>
              </value>
            </param>
          </params>
          <reporter-output>
          </reporter-output>
        </test-method> <!-- searchByTermAndMediaType -->
        <test-method status="PASS" signature="searchByTermAndMediaType(java.lang.String,java.lang.String)[pri:0, instance:AppleSearchAPIAutomation@528931cf]" name="searchByTermAndMediaType" duration-ms="759" started-at="2023-07-16T17:59:21 IST" description="Verify valid entity type is retured for the given media type &amp;&amp; Validate key fields for the search results" data-provider="searchTermsAndMediaTypes" finished-at="2023-07-16T17:59:22 IST">
          <params>
            <param index="0">
              <value>
                <![CDATA[Knowledge]]>
              </value>
            </param>
            <param index="1">
              <value>
                <![CDATA[audiobook]]>
              </value>
            </param>
          </params>
          <reporter-output>
          </reporter-output>
        </test-method> <!-- searchByTermAndMediaType -->
        <test-method status="PASS" signature="searchByTermAndMediaType(java.lang.String,java.lang.String)[pri:0, instance:AppleSearchAPIAutomation@528931cf]" name="searchByTermAndMediaType" duration-ms="1000" started-at="2023-07-16T17:59:22 IST" description="Verify valid entity type is retured for the given media type &amp;&amp; Validate key fields for the search results" data-provider="searchTermsAndMediaTypes" finished-at="2023-07-16T17:59:23 IST">
          <params>
            <param index="0">
              <value>
                <![CDATA[Friends]]>
              </value>
            </param>
            <param index="1">
              <value>
                <![CDATA[tvShow]]>
              </value>
            </param>
          </params>
          <reporter-output>
          </reporter-output>
        </test-method> <!-- searchByTermAndMediaType -->
        <test-method status="PASS" signature="searchByTermAndMediaType(java.lang.String,java.lang.String)[pri:0, instance:AppleSearchAPIAutomation@528931cf]" name="searchByTermAndMediaType" duration-ms="744" started-at="2023-07-16T17:59:23 IST" description="Verify valid entity type is retured for the given media type &amp;&amp; Validate key fields for the search results" data-provider="searchTermsAndMediaTypes" finished-at="2023-07-16T17:59:24 IST">
          <params>
            <param index="0">
              <value>
                <![CDATA[Java]]>
              </value>
            </param>
            <param index="1">
              <value>
                <![CDATA[software]]>
              </value>
            </param>
          </params>
          <reporter-output>
          </reporter-output>
        </test-method> <!-- searchByTermAndMediaType -->
        <test-method status="PASS" signature="searchByTermAndMediaType(java.lang.String,java.lang.String)[pri:0, instance:AppleSearchAPIAutomation@528931cf]" name="searchByTermAndMediaType" duration-ms="771" started-at="2023-07-16T17:59:24 IST" description="Verify valid entity type is retured for the given media type &amp;&amp; Validate key fields for the search results" data-provider="searchTermsAndMediaTypes" finished-at="2023-07-16T17:59:24 IST">
          <params>
            <param index="0">
              <value>
                <![CDATA[Business]]>
              </value>
            </param>
            <param index="1">
              <value>
                <![CDATA[ebook]]>
              </value>
            </param>
          </params>
          <reporter-output>
          </reporter-output>
        </test-method> <!-- searchByTermAndMediaType -->
        <test-method status="PASS" signature="testPricePointsAndCountryForAPI(java.lang.String,java.lang.String,java.lang.String)[pri:0, instance:AppleSearchAPIAutomation@528931cf]" name="testPricePointsAndCountryForAPI" duration-ms="498" started-at="2023-07-16T17:59:24 IST" description="Verify valid currency is displayed for the respective country field" data-provider="countryAndPricePoints" finished-at="2023-07-16T17:59:25 IST">
          <params>
            <param index="0">
              <value>
                <![CDATA[IN]]>
              </value>
            </param>
            <param index="1">
              <value>
                <![CDATA[INR]]>
              </value>
            </param>
            <param index="2">
              <value>
                <![CDATA[IND]]>
              </value>
            </param>
          </params>
          <reporter-output>
          </reporter-output>
        </test-method> <!-- testPricePointsAndCountryForAPI -->
        <test-method status="PASS" signature="testPricePointsAndCountryForAPI(java.lang.String,java.lang.String,java.lang.String)[pri:0, instance:AppleSearchAPIAutomation@528931cf]" name="testPricePointsAndCountryForAPI" duration-ms="320" started-at="2023-07-16T17:59:25 IST" description="Verify valid currency is displayed for the respective country field" data-provider="countryAndPricePoints" finished-at="2023-07-16T17:59:25 IST">
          <params>
            <param index="0">
              <value>
                <![CDATA[US]]>
              </value>
            </param>
            <param index="1">
              <value>
                <![CDATA[USD]]>
              </value>
            </param>
            <param index="2">
              <value>
                <![CDATA[USA]]>
              </value>
            </param>
          </params>
          <reporter-output>
          </reporter-output>
        </test-method> <!-- testPricePointsAndCountryForAPI -->
        <test-method status="PASS" signature="testPricePointsAndCountryForAPI(java.lang.String,java.lang.String,java.lang.String)[pri:0, instance:AppleSearchAPIAutomation@528931cf]" name="testPricePointsAndCountryForAPI" duration-ms="990" started-at="2023-07-16T17:59:25 IST" description="Verify valid currency is displayed for the respective country field" data-provider="countryAndPricePoints" finished-at="2023-07-16T17:59:26 IST">
          <params>
            <param index="0">
              <value>
                <![CDATA[CA]]>
              </value>
            </param>
            <param index="1">
              <value>
                <![CDATA[CAD]]>
              </value>
            </param>
            <param index="2">
              <value>
                <![CDATA[CAN]]>
              </value>
            </param>
          </params>
          <reporter-output>
          </reporter-output>
        </test-method> <!-- testPricePointsAndCountryForAPI -->
        <test-method status="PASS" signature="testPricePointsAndCountryForAPI(java.lang.String,java.lang.String,java.lang.String)[pri:0, instance:AppleSearchAPIAutomation@528931cf]" name="testPricePointsAndCountryForAPI" duration-ms="326" started-at="2023-07-16T17:59:26 IST" description="Verify valid currency is displayed for the respective country field" data-provider="countryAndPricePoints" finished-at="2023-07-16T17:59:26 IST">
          <params>
            <param index="0">
              <value>
                <![CDATA[GB]]>
              </value>
            </param>
            <param index="1">
              <value>
                <![CDATA[GBP]]>
              </value>
            </param>
            <param index="2">
              <value>
                <![CDATA[GBR]]>
              </value>
            </param>
          </params>
          <reporter-output>
          </reporter-output>
        </test-method> <!-- testPricePointsAndCountryForAPI -->
        <test-method status="PASS" signature="testPricePointsAndCountryForAPI(java.lang.String,java.lang.String,java.lang.String)[pri:0, instance:AppleSearchAPIAutomation@528931cf]" name="testPricePointsAndCountryForAPI" duration-ms="349" started-at="2023-07-16T17:59:26 IST" description="Verify valid currency is displayed for the respective country field" data-provider="countryAndPricePoints" finished-at="2023-07-16T17:59:27 IST">
          <params>
            <param index="0">
              <value>
                <![CDATA[JP]]>
              </value>
            </param>
            <param index="1">
              <value>
                <![CDATA[JPY]]>
              </value>
            </param>
            <param index="2">
              <value>
                <![CDATA[JPN]]>
              </value>
            </param>
          </params>
          <reporter-output>
          </reporter-output>
        </test-method> <!-- testPricePointsAndCountryForAPI -->
        <test-method status="PASS" signature="testResponseForInvalidText()[pri:0, instance:AppleSearchAPIAutomation@528931cf]" name="testResponseForInvalidText" duration-ms="1677" started-at="2023-07-16T17:59:27 IST" description="Validate invalid text search gives zero results" finished-at="2023-07-16T17:59:29 IST">
          <reporter-output>
          </reporter-output>
        </test-method> <!-- testResponseForInvalidText -->
        <test-method status="PASS" signature="testStatusCodesForApI()[pri:0, instance:AppleSearchAPIAutomation@528931cf]" name="testStatusCodesForApI" duration-ms="1888" started-at="2023-07-16T17:59:29 IST" description="Verify various status codes" finished-at="2023-07-16T17:59:30 IST">
          <reporter-output>
          </reporter-output>
        </test-method> <!-- testStatusCodesForApI -->
        <test-method status="PASS" signature="validateLimit(java.lang.String,java.lang.String)[pri:0, instance:AppleSearchAPIAutomation@528931cf]" name="validateLimit" duration-ms="844" started-at="2023-07-16T17:59:30 IST" description="Verify limit field is returning valid results count" data-provider="searchTermsAndMediaTypes" finished-at="2023-07-16T17:59:31 IST">
          <params>
            <param index="0">
              <value>
                <![CDATA[Shreya Goshal]]>
              </value>
            </param>
            <param index="1">
              <value>
                <![CDATA[music]]>
              </value>
            </param>
          </params>
          <reporter-output>
          </reporter-output>
        </test-method> <!-- validateLimit -->
        <test-method status="PASS" signature="validateLimit(java.lang.String,java.lang.String)[pri:0, instance:AppleSearchAPIAutomation@528931cf]" name="validateLimit" duration-ms="1158" started-at="2023-07-16T17:59:31 IST" description="Verify limit field is returning valid results count" data-provider="searchTermsAndMediaTypes" finished-at="2023-07-16T17:59:32 IST">
          <params>
            <param index="0">
              <value>
                <![CDATA[Baahubali]]>
              </value>
            </param>
            <param index="1">
              <value>
                <![CDATA[movie]]>
              </value>
            </param>
          </params>
          <reporter-output>
          </reporter-output>
        </test-method> <!-- validateLimit -->
        <test-method status="PASS" signature="validateLimit(java.lang.String,java.lang.String)[pri:0, instance:AppleSearchAPIAutomation@528931cf]" name="validateLimit" duration-ms="462" started-at="2023-07-16T17:59:32 IST" description="Verify limit field is returning valid results count" data-provider="searchTermsAndMediaTypes" finished-at="2023-07-16T17:59:33 IST">
          <params>
            <param index="0">
              <value>
                <![CDATA[Podcast]]>
              </value>
            </param>
            <param index="1">
              <value>
                <![CDATA[podcast]]>
              </value>
            </param>
          </params>
          <reporter-output>
          </reporter-output>
        </test-method> <!-- validateLimit -->
        <test-method status="PASS" signature="validateLimit(java.lang.String,java.lang.String)[pri:0, instance:AppleSearchAPIAutomation@528931cf]" name="validateLimit" duration-ms="343" started-at="2023-07-16T17:59:33 IST" description="Verify limit field is returning valid results count" data-provider="searchTermsAndMediaTypes" finished-at="2023-07-16T17:59:33 IST">
          <params>
            <param index="0">
              <value>
                <![CDATA[Taylor Swift]]>
              </value>
            </param>
            <param index="1">
              <value>
                <![CDATA[musicVideo]]>
              </value>
            </param>
          </params>
          <reporter-output>
          </reporter-output>
        </test-method> <!-- validateLimit -->
        <test-method status="PASS" signature="validateLimit(java.lang.String,java.lang.String)[pri:0, instance:AppleSearchAPIAutomation@528931cf]" name="validateLimit" duration-ms="601" started-at="2023-07-16T17:59:33 IST" description="Verify limit field is returning valid results count" data-provider="searchTermsAndMediaTypes" finished-at="2023-07-16T17:59:34 IST">
          <params>
            <param index="0">
              <value>
                <![CDATA[Knowledge]]>
              </value>
            </param>
            <param index="1">
              <value>
                <![CDATA[audiobook]]>
              </value>
            </param>
          </params>
          <reporter-output>
          </reporter-output>
        </test-method> <!-- validateLimit -->
        <test-method status="PASS" signature="validateLimit(java.lang.String,java.lang.String)[pri:0, instance:AppleSearchAPIAutomation@528931cf]" name="validateLimit" duration-ms="775" started-at="2023-07-16T17:59:34 IST" description="Verify limit field is returning valid results count" data-provider="searchTermsAndMediaTypes" finished-at="2023-07-16T17:59:35 IST">
          <params>
            <param index="0">
              <value>
                <![CDATA[Friends]]>
              </value>
            </param>
            <param index="1">
              <value>
                <![CDATA[tvShow]]>
              </value>
            </param>
          </params>
          <reporter-output>
          </reporter-output>
        </test-method> <!-- validateLimit -->
        <test-method status="PASS" signature="validateLimit(java.lang.String,java.lang.String)[pri:0, instance:AppleSearchAPIAutomation@528931cf]" name="validateLimit" duration-ms="709" started-at="2023-07-16T17:59:35 IST" description="Verify limit field is returning valid results count" data-provider="searchTermsAndMediaTypes" finished-at="2023-07-16T17:59:35 IST">
          <params>
            <param index="0">
              <value>
                <![CDATA[Java]]>
              </value>
            </param>
            <param index="1">
              <value>
                <![CDATA[software]]>
              </value>
            </param>
          </params>
          <reporter-output>
          </reporter-output>
        </test-method> <!-- validateLimit -->
        <test-method status="PASS" signature="validateLimit(java.lang.String,java.lang.String)[pri:0, instance:AppleSearchAPIAutomation@528931cf]" name="validateLimit" duration-ms="786" started-at="2023-07-16T17:59:35 IST" description="Verify limit field is returning valid results count" data-provider="searchTermsAndMediaTypes" finished-at="2023-07-16T17:59:36 IST">
          <params>
            <param index="0">
              <value>
                <![CDATA[Business]]>
              </value>
            </param>
            <param index="1">
              <value>
                <![CDATA[ebook]]>
              </value>
            </param>
          </params>
          <reporter-output>
          </reporter-output>
        </test-method> <!-- validateLimit -->
      </class> <!-- AppleSearchAPIAutomation -->
    </test> <!-- Default test -->
  </suite> <!-- Default suite -->
</testng-results>
