<?xml version="1.0" encoding="UTF-8"?>
<!-- Generated by org.testng.reporters.JUnitXMLReporter -->
<testsuite hostname="IVNT-C02Y94ACJG5J" ignored="0" tests="23" failures="0" timestamp="2023-07-16T08:13:42 IST" time="10.017" errors="0">
  <testcase name="searchByTermAndMediaType" time="1.936" classname="AppleSearchAPIAutomation"/>
  <testcase name="searchByTermAndMediaType" time="0.246" classname="AppleSearchAPIAutomation"/>
  <testcase name="searchByTermAndMediaType" time="0.537" classname="AppleSearchAPIAutomation"/>
  <testcase name="searchByTermAndMediaType" time="0.278" classname="AppleSearchAPIAutomation"/>
  <testcase name="searchByTermAndMediaType" time="0.514" classname="AppleSearchAPIAutomation"/>
  <testcase name="searchByTermAndMediaType" time="0.474" classname="AppleSearchAPIAutomation"/>
  <testcase name="searchByTermAndMediaType" time="0.572" classname="AppleSearchAPIAutomation"/>
  <testcase name="searchByTermAndMediaType" time="0.457" classname="AppleSearchAPIAutomation"/>
  <testcase name="testPricePointsAndCountryForAPI" time="0.219" classname="AppleSearchAPIAutomation"/>
  <testcase name="testPricePointsAndCountryForAPI" time="0.153" classname="AppleSearchAPIAutomation"/>
  <testcase name="testPricePointsAndCountryForAPI" time="0.147" classname="AppleSearchAPIAutomation"/>
  <testcase name="testPricePointsAndCountryForAPI" time="0.15" classname="AppleSearchAPIAutomation"/>
  <testcase name="testPricePointsAndCountryForAPI" time="0.136" classname="AppleSearchAPIAutomation"/>
  <testcase name="testResponseForInvalidText" time="0.137" classname="AppleSearchAPIAutomation"/>
  <testcase name="testStatusCodesForApI" time="1.145" classname="AppleSearchAPIAutomation"/>
  <testcase name="validateLimit" time="0.302" classname="AppleSearchAPIAutomation"/>
  <testcase name="validateLimit" time="0.3" classname="AppleSearchAPIAutomation"/>
  <testcase name="validateLimit" time="0.3" classname="AppleSearchAPIAutomation"/>
  <testcase name="validateLimit" time="0.425" classname="AppleSearchAPIAutomation"/>
  <testcase name="validateLimit" time="0.297" classname="AppleSearchAPIAutomation"/>
  <testcase name="validateLimit" time="0.295" classname="AppleSearchAPIAutomation"/>
  <testcase name="validateLimit" time="0.28" classname="AppleSearchAPIAutomation"/>
  <testcase name="validateLimit" time="0.3" classname="AppleSearchAPIAutomation"/>
</testsuite>
